Determining if the pthread_create exist failed with the following output:
Change Dir: /home/matej/Desktop/assignment/build/CMakeFiles/CMakeTmp

Run Build Command:"/usr/bin/make" "cmTC_c973f/fast"
/usr/bin/make -f CMakeFiles/cmTC_c973f.dir/build.make CMakeFiles/cmTC_c973f.dir/build
make[1]: Entering directory '/home/matej/Desktop/assignment/build/CMakeFiles/CMakeTmp'
Building C object CMakeFiles/cmTC_c973f.dir/CheckSymbolExists.c.o
/usr/bin/cc   -g -O0 -fprofile-arcs -ftest-coverage    -o CMakeFiles/cmTC_c973f.dir/CheckSymbolExists.c.o   -c /home/matej/Desktop/assignment/build/CMakeFiles/CMakeTmp/CheckSymbolExists.c
Linking C executable cmTC_c973f
/usr/bin/cmake -E cmake_link_script CMakeFiles/cmTC_c973f.dir/link.txt --verbose=1
/usr/bin/cc  -g -O0 -fprofile-arcs -ftest-coverage     -rdynamic CMakeFiles/cmTC_c973f.dir/CheckSymbolExists.c.o  -o cmTC_c973f 
CMakeFiles/cmTC_c973f.dir/CheckSymbolExists.c.o: In function `main':
/home/matej/Desktop/assignment/build/CMakeFiles/CMakeTmp/CheckSymbolExists.c:8: undefined reference to `pthread_create'
collect2: error: ld returned 1 exit status
CMakeFiles/cmTC_c973f.dir/build.make:97: recipe for target 'cmTC_c973f' failed
make[1]: *** [cmTC_c973f] Error 1
make[1]: Leaving directory '/home/matej/Desktop/assignment/build/CMakeFiles/CMakeTmp'
Makefile:126: recipe for target 'cmTC_c973f/fast' failed
make: *** [cmTC_c973f/fast] Error 2

File /home/matej/Desktop/assignment/build/CMakeFiles/CMakeTmp/CheckSymbolExists.c:
/* */
#include <pthread.h>

int main(int argc, char** argv)
{
  (void)argv;
#ifndef pthread_create
  return ((int*)(&pthread_create))[argc];
#else
  (void)argc;
  return 0;
#endif
}

Determining if the function pthread_create exists in the pthreads failed with the following output:
Change Dir: /home/matej/Desktop/assignment/build/CMakeFiles/CMakeTmp

Run Build Command:"/usr/bin/make" "cmTC_7e5ac/fast"
/usr/bin/make -f CMakeFiles/cmTC_7e5ac.dir/build.make CMakeFiles/cmTC_7e5ac.dir/build
make[1]: Entering directory '/home/matej/Desktop/assignment/build/CMakeFiles/CMakeTmp'
Building C object CMakeFiles/cmTC_7e5ac.dir/CheckFunctionExists.c.o
/usr/bin/cc   -g -O0 -fprofile-arcs -ftest-coverage -DCHECK_FUNCTION_EXISTS=pthread_create   -o CMakeFiles/cmTC_7e5ac.dir/CheckFunctionExists.c.o   -c /usr/share/cmake-3.10/Modules/CheckFunctionExists.c
Linking C executable cmTC_7e5ac
/usr/bin/cmake -E cmake_link_script CMakeFiles/cmTC_7e5ac.dir/link.txt --verbose=1
/usr/bin/cc  -g -O0 -fprofile-arcs -ftest-coverage -DCHECK_FUNCTION_EXISTS=pthread_create    -rdynamic CMakeFiles/cmTC_7e5ac.dir/CheckFunctionExists.c.o  -o cmTC_7e5ac -lpthreads 
/usr/bin/ld: cannot find -lpthreads
collect2: error: ld returned 1 exit status
CMakeFiles/cmTC_7e5ac.dir/build.make:97: recipe for target 'cmTC_7e5ac' failed
make[1]: *** [cmTC_7e5ac] Error 1
make[1]: Leaving directory '/home/matej/Desktop/assignment/build/CMakeFiles/CMakeTmp'
Makefile:126: recipe for target 'cmTC_7e5ac/fast' failed
make: *** [cmTC_7e5ac/fast] Error 2


